2025-09-07 21:31:58,321 - INFO - Starting API POST loop...
2025-09-07 21:31:59,217 - ERROR - POST failed: 500 Server Error: Internal Server Error for url: https://jsonplaceholder.typicode.com/posts
2025-09-07 21:31:59,217 - INFO - Waiting 5 seconds before next request...
2025-09-07 21:32:04,510 - ERROR - POST failed: 500 Server Error: Internal Server Error for url: https://jsonplaceholder.typicode.com/posts
2025-09-07 21:32:04,510 - INFO - Waiting 5 seconds before next request...
2025-09-07 21:32:09,864 - ERROR - POST failed: 500 Server Error: Internal Server Error for url: https://jsonplaceholder.typicode.com/posts
2025-09-07 21:32:09,864 - INFO - Waiting 5 seconds before next request...
2025-09-07 21:32:09,996 - INFO - Loop interrupted by user. Exiting...
2025-09-07 21:32:09,996 - INFO - Total requests made: 3
2025-09-07 21:33:11,316 - INFO - Starting API POST loop...
2025-09-07 21:33:11,317 - ERROR - POST failed: No connection adapters were found for 'mysql-server-tailscale.tailb51a53.ts.net:5000/v/value1'
2025-09-07 21:33:11,317 - INFO - Waiting 5 seconds before next request...
2025-09-07 21:33:16,317 - ERROR - POST failed: No connection adapters were found for 'mysql-server-tailscale.tailb51a53.ts.net:5000/v/value1'
2025-09-07 21:33:16,317 - INFO - Waiting 5 seconds before next request...
2025-09-07 21:33:21,323 - ERROR - POST failed: No connection adapters were found for 'mysql-server-tailscale.tailb51a53.ts.net:5000/v/value1'
2025-09-07 21:33:21,324 - INFO - Waiting 5 seconds before next request...
2025-09-07 21:33:26,328 - ERROR - POST failed: No connection adapters were found for 'mysql-server-tailscale.tailb51a53.ts.net:5000/v/value1'
2025-09-07 21:33:26,329 - INFO - Waiting 5 seconds before next request...
2025-09-07 21:33:31,031 - INFO - Loop interrupted by user. Exiting...
2025-09-07 21:33:31,031 - INFO - Total requests made: 4
2025-09-07 21:35:18,868 - INFO - Starting API POST loop...
2025-09-07 21:35:18,901 - ERROR - POST failed: 400 Client Error: Bad Request for url: http://mysql-server-tailscale.tailb51a53.ts.net:5000/v/value1
2025-09-07 21:35:18,901 - INFO - Waiting 5 seconds before next request...
2025-09-07 21:35:23,920 - ERROR - POST failed: 400 Client Error: Bad Request for url: http://mysql-server-tailscale.tailb51a53.ts.net:5000/v/value1
2025-09-07 21:35:23,921 - INFO - Waiting 5 seconds before next request...
2025-09-07 21:35:28,942 - ERROR - POST failed: 400 Client Error: Bad Request for url: http://mysql-server-tailscale.tailb51a53.ts.net:5000/v/value1
2025-09-07 21:35:28,943 - INFO - Waiting 5 seconds before next request...
2025-09-07 21:35:33,960 - ERROR - POST failed: 400 Client Error: Bad Request for url: http://mysql-server-tailscale.tailb51a53.ts.net:5000/v/value1
2025-09-07 21:35:33,960 - INFO - Waiting 5 seconds before next request...
2025-09-07 21:35:38,982 - ERROR - POST failed: 400 Client Error: Bad Request for url: http://mysql-server-tailscale.tailb51a53.ts.net:5000/v/value1
2025-09-07 21:35:38,982 - INFO - Waiting 5 seconds before next request...
2025-09-07 21:35:44,005 - ERROR - POST failed: 400 Client Error: Bad Request for url: http://mysql-server-tailscale.tailb51a53.ts.net:5000/v/value1
2025-09-07 21:35:44,005 - INFO - Waiting 5 seconds before next request...
2025-09-07 21:35:49,020 - ERROR - POST failed: 400 Client Error: Bad Request for url: http://mysql-server-tailscale.tailb51a53.ts.net:5000/v/value1
2025-09-07 21:35:49,020 - INFO - Waiting 5 seconds before next request...
2025-09-07 21:35:51,944 - INFO - Loop interrupted by user. Exiting...
2025-09-07 21:35:51,945 - INFO - Total requests made: 7
2025-09-07 21:39:08,408 - INFO - Starting API POST loop...
2025-09-07 21:39:08,433 - ERROR - POST failed: 400 Client Error: Bad Request for url: http://mysql-server-tailscale.tailb51a53.ts.net:5000/v/value1
2025-09-07 21:39:08,433 - INFO - Waiting 5 seconds before next request...
2025-09-07 21:39:13,457 - ERROR - POST failed: 400 Client Error: Bad Request for url: http://mysql-server-tailscale.tailb51a53.ts.net:5000/v/value1
2025-09-07 21:39:13,457 - INFO - Waiting 5 seconds before next request...
2025-09-07 21:39:18,399 - INFO - Loop interrupted by user. Exiting...
2025-09-07 21:39:18,399 - INFO - Total requests made: 2
2025-09-18 12:41:40,436 - INFO - Starting API POST loop...
2025-09-18 12:41:40,460 - ERROR - POST failed: 404 Client Error: Not Found for url: http://mysql-server-tailscale.tailb51a53.ts.net:5000/v/value1
2025-09-18 12:41:40,460 - INFO - Waiting 60 seconds before next request...
2025-09-18 12:42:08,255 - INFO - Loop interrupted by user. Exiting...
2025-09-18 12:42:08,257 - INFO - Total requests made: 0
2025-09-18 12:42:09,838 - INFO - Starting API POST loop...
2025-09-18 12:42:09,862 - ERROR - POST failed: 500 Server Error: Internal Server Error for url: http://mysql-server-tailscale.tailb51a53.ts.net:5000/v/value
2025-09-18 12:42:09,862 - INFO - Waiting 60 seconds before next request...
2025-09-18 12:43:09,897 - ERROR - POST failed: 500 Server Error: Internal Server Error for url: http://mysql-server-tailscale.tailb51a53.ts.net:5000/v/value
2025-09-18 12:43:09,899 - INFO - Waiting 60 seconds before next request...
2025-09-18 12:43:40,370 - INFO - Loop interrupted by user. Exiting...
2025-09-18 12:43:40,371 - INFO - Total requests made: 0
2025-09-18 12:43:41,509 - INFO - Starting API POST loop...
2025-09-18 12:43:41,532 - ERROR - POST failed: 500 Server Error: Internal Server Error for url: http://mysql-server-tailscale.tailb51a53.ts.net:5000/v/value
2025-09-18 12:43:41,532 - INFO - Waiting 60 seconds before next request...
2025-09-18 12:44:14,683 - INFO - Loop interrupted by user. Exiting...
2025-09-18 12:44:14,685 - INFO - Total requests made: 0
